<?xml version="1.0" encoding="UTF-8"?>
<!-- Generated by org.testng.reporters.JUnitXMLReporter -->
<testsuite hostname="DESKTOP-HHTVT6U" ignored="0" name="Default test" tests="2" failures="0" timestamp="24 Aug 2018 00:00:18 GMT" time="67.713" errors="0">
  <testcase name="testCreateContact" time="3.758" classname="com.crm.qa.testcases.NewContactPageTest"/>
  <testcase name="testCreateContact" time="3.916" classname="com.crm.qa.testcases.NewContactPageTest"/>
</testsuite> <!-- Default test -->
