<?xml version="1.0" encoding="UTF-8"?>
<testng-results skipped="0" failed="0" ignored="0" total="2" passed="2">
  <reporter-output>
  </reporter-output>
  <suite name="Default suite" duration-ms="67713" started-at="2018-08-23T23:59:10Z" finished-at="2018-08-24T00:00:18Z">
    <groups>
    </groups>
    <test name="Default test" duration-ms="67713" started-at="2018-08-23T23:59:10Z" finished-at="2018-08-24T00:00:18Z">
      <class name="com.crm.qa.testcases.NewContactPageTest">
        <test-method status="PASS" signature="setup()[pri:0, instance:com.crm.qa.testcases.NewContactPageTest@5622fdf]" name="setup" is-config="true" duration-ms="28678" started-at="2018-08-23T23:59:12Z" finished-at="2018-08-23T23:59:41Z">
          <reporter-output>
          </reporter-output>
        </test-method> <!-- setup -->
        <test-method status="PASS" signature="testCreateContact(java.lang.String, java.lang.String, java.lang.String, java.lang.String)[pri:1, instance:com.crm.qa.testcases.NewContactPageTest@5622fdf]" name="testCreateContact" duration-ms="3758" started-at="2018-08-23T23:59:41Z" data-provider="getData" finished-at="2018-08-23T23:59:44Z">
          <params>
            <param index="0">
              <value>
                <![CDATA[Mr.]]>
              </value>
            </param>
            <param index="1">
              <value>
                <![CDATA[Tom]]>
              </value>
            </param>
            <param index="2">
              <value>
                <![CDATA[Peter]]>
              </value>
            </param>
            <param index="3">
              <value>
                <![CDATA[Google]]>
              </value>
            </param>
          </params>
          <reporter-output>
          </reporter-output>
        </test-method> <!-- testCreateContact -->
        <test-method status="PASS" signature="teardown()[pri:0, instance:com.crm.qa.testcases.NewContactPageTest@5622fdf]" name="teardown" is-config="true" duration-ms="1206" started-at="2018-08-23T23:59:44Z" finished-at="2018-08-23T23:59:46Z">
          <reporter-output>
          </reporter-output>
        </test-method> <!-- teardown -->
        <test-method status="PASS" signature="setup()[pri:0, instance:com.crm.qa.testcases.NewContactPageTest@5622fdf]" name="setup" is-config="true" duration-ms="27371" started-at="2018-08-23T23:59:46Z" finished-at="2018-08-24T00:00:13Z">
          <reporter-output>
          </reporter-output>
        </test-method> <!-- setup -->
        <test-method status="PASS" signature="testCreateContact(java.lang.String, java.lang.String, java.lang.String, java.lang.String)[pri:1, instance:com.crm.qa.testcases.NewContactPageTest@5622fdf]" name="testCreateContact" duration-ms="3916" started-at="2018-08-24T00:00:13Z" data-provider="getData" finished-at="2018-08-24T00:00:17Z">
          <params>
            <param index="0">
              <value>
                <![CDATA[Dr.]]>
              </value>
            </param>
            <param index="1">
              <value>
                <![CDATA[David]]>
              </value>
            </param>
            <param index="2">
              <value>
                <![CDATA[Cifs]]>
              </value>
            </param>
            <param index="3">
              <value>
                <![CDATA[Amazon]]>
              </value>
            </param>
          </params>
          <reporter-output>
          </reporter-output>
        </test-method> <!-- testCreateContact -->
        <test-method status="PASS" signature="teardown()[pri:0, instance:com.crm.qa.testcases.NewContactPageTest@5622fdf]" name="teardown" is-config="true" duration-ms="1179" started-at="2018-08-24T00:00:17Z" finished-at="2018-08-24T00:00:18Z">
          <reporter-output>
          </reporter-output>
        </test-method> <!-- teardown -->
      </class> <!-- com.crm.qa.testcases.NewContactPageTest -->
    </test> <!-- Default test -->
  </suite> <!-- Default suite -->
</testng-results>
